Files already downloaded and verified
Files already downloaded and verified
  0%|                                                                                            | 0/1 [00:00<?, ?it/s]
Running Evolution for fitness
Initializing







100%|██████████████████████████████████████████████████████████████████████████████████| 10/10 [00:17<00:00,  1.76s/it]
  0%|                                                                                           | 0/10 [00:00<?, ?it/s]









 90%|██████████████████████████████████████████████████████████████████████████▋        | 9/10 [02:35<00:17, 17.27s/it]
100%|███████████████████████████████████████████████████████████████████████████████████| 1/1 [03:52<00:00, 232.27s/it]
Traceback (most recent call last):
  File "C:\Users\Jordan\anaconda3\envs\EC2\lib\site-packages\numpy\core\fromnumeric.py", line 75, in _wrapreduction
    reduction = getattr(obj, method)
AttributeError: 'tuple' object has no attribute 'prod'
During handling of the above exception, another exception occurred:
Traceback (most recent call last):
  File "C:\Users\Jordan\Learning\UVM\Research Projects\Novel-Feature-Detector\evolution.py", line 231, in <module>
    run()
  File "C:\Users\Jordan\Learning\UVM\Research Projects\Novel-Feature-Detector\evolution.py", line 219, in run
    helper.plot_mean_and_bootstrapped_ci_multiple(input_data=[np.transpose(x)[cut_off_beginning:] for k, x in fitness_results.items()], name=[k for k,x in fitness_results.items()], x_label="Generation", y_label="Fitness", compute_CI=True, save_name=experiment_name + "/fitness_over_time.png")
  File "C:\Users\Jordan\Learning\UVM\Research Projects\Novel-Feature-Detector\helper_hpc.py", line 515, in plot_mean_and_bootstrapped_ci_multiple
    CIs.append(bootstrap.ci(input_data[i][j], statfunction=np.mean))
  File "C:\Users\Jordan\anaconda3\envs\EC2\lib\site-packages\scikits\bootstrap\bootstrap.py", line 397, in ci
    [statfunction(*(x[indices] for x in tdata)) for indices in bootindices]
  File "C:\Users\Jordan\anaconda3\envs\EC2\lib\site-packages\scikits\bootstrap\bootstrap.py", line 397, in <listcomp>
    [statfunction(*(x[indices] for x in tdata)) for indices in bootindices]
  File "C:\Users\Jordan\anaconda3\envs\EC2\lib\site-packages\scikits\bootstrap\bootstrap.py", line 647, in bootstrap_indices
    yield rng.integers(low=0, high=dlen, size=(dlen,))
  File "_generator.pyx", line 540, in numpy.random._generator.Generator.integers
  File "_bounded_integers.pyx", line 1228, in numpy.random._bounded_integers._rand_int64
  File "<__array_function__ internals>", line 180, in prod
  File "C:\Users\Jordan\anaconda3\envs\EC2\lib\site-packages\numpy\core\fromnumeric.py", line 3088, in prod
    return _wrapreduction(a, np.multiply, 'prod', axis, dtype, out,
  File "C:\Users\Jordan\anaconda3\envs\EC2\lib\site-packages\numpy\core\fromnumeric.py", line 75, in _wrapreduction
    reduction = getattr(obj, method)
KeyboardInterrupt